<?xml version="1.0" encoding="UTF-8"?>
<testsuite xmlns:xsi="http://www.w3.org/2001/XMLSchema-instance" xsi:noNamespaceSchemaLocation="https://maven.apache.org/surefire/maven-surefire-plugin/xsd/surefire-test-report-3.0.xsd" version="3.0" name="com.yourpackage.dao.EntityDAOImplTest" time="0.289" tests="4" errors="0" skipped="0" failures="0">
  <properties>
[...]
</properties>
  <testcase name="testCreateAndRead" classname="com.yourpackage.dao.EntityDAOImplTest" time="0.206"/>
  <testcase name="testReadAll" classname="com.yourpackage.dao.EntityDAOImplTest" time="0.032"/>
  <testcase name="testDelete" classname="com.yourpackage.dao.EntityDAOImplTest" time="0.015"/>
  <testcase name="testUpdate" classname="com.yourpackage.dao.EntityDAOImplTest" time="0.02"/>
</testsuite>